c:\users\gyu86\onedrive\documents\projects\worlddisplay\solarsystemgenerator\worlddisplay\worlddisplay\x64\debug\vc143.pdb
c:\users\gyu86\onedrive\documents\projects\worlddisplay\solarsystemgenerator\worlddisplay\worlddisplay\x64\debug\vc143.idb
c:\users\gyu86\onedrive\documents\projects\worlddisplay\solarsystemgenerator\worlddisplay\worlddisplay\x64\debug\ui.obj
c:\users\gyu86\onedrive\documents\projects\worlddisplay\solarsystemgenerator\worlddisplay\worlddisplay\x64\debug\stars.obj
c:\users\gyu86\onedrive\documents\projects\worlddisplay\solarsystemgenerator\worlddisplay\worlddisplay\x64\debug\resource.obj
c:\users\gyu86\onedrive\documents\projects\worlddisplay\solarsystemgenerator\worlddisplay\worlddisplay\x64\debug\main.obj
c:\users\gyu86\onedrive\documents\projects\worlddisplay\solarsystemgenerator\worlddisplay\worlddisplay\x64\debug\goldilocksplanet.obj
c:\users\gyu86\onedrive\documents\projects\worlddisplay\solarsystemgenerator\worlddisplay\worlddisplay\x64\debug\deadplanets.obj
c:\users\gyu86\onedrive\documents\projects\worlddisplay\solarsystemgenerator\worlddisplay\worlddisplay\x64\debug\celestialbodies.obj
c:\users\gyu86\onedrive\documents\projects\worlddisplay\solarsystemgenerator\worlddisplay\x64\debug\worlddisplay.exe
c:\users\gyu86\onedrive\documents\projects\worlddisplay\solarsystemgenerator\worlddisplay\x64\debug\worlddisplay.pdb
c:\users\gyu86\onedrive\documents\projects\worlddisplay\x64\debug\sdl2d.dll
c:\users\gyu86\onedrive\documents\projects\worlddisplay\solarsystemgenerator\worlddisplay\x64\debug\sdl2d.dll
c:\users\gyu86\onedrive\documents\projects\worlddisplay\solarsystemgenerator\worlddisplay\worlddisplay\x64\debug\worlddisplay.ilk
c:\users\gyu86\onedrive\documents\projects\worlddisplay\solarsystemgenerator\worlddisplay\worlddisplay\x64\debug\worlddisplay.tlog\cl.command.1.tlog
c:\users\gyu86\onedrive\documents\projects\worlddisplay\solarsystemgenerator\worlddisplay\worlddisplay\x64\debug\worlddisplay.tlog\cl.items.tlog
c:\users\gyu86\onedrive\documents\projects\worlddisplay\solarsystemgenerator\worlddisplay\worlddisplay\x64\debug\worlddisplay.tlog\cl.read.1.tlog
c:\users\gyu86\onedrive\documents\projects\worlddisplay\solarsystemgenerator\worlddisplay\worlddisplay\x64\debug\worlddisplay.tlog\cl.write.1.tlog
c:\users\gyu86\onedrive\documents\projects\worlddisplay\solarsystemgenerator\worlddisplay\worlddisplay\x64\debug\worlddisplay.tlog\link.command.1.tlog
c:\users\gyu86\onedrive\documents\projects\worlddisplay\solarsystemgenerator\worlddisplay\worlddisplay\x64\debug\worlddisplay.tlog\link.read.1.tlog
c:\users\gyu86\onedrive\documents\projects\worlddisplay\solarsystemgenerator\worlddisplay\worlddisplay\x64\debug\worlddisplay.tlog\link.secondary.1.tlog
c:\users\gyu86\onedrive\documents\projects\worlddisplay\solarsystemgenerator\worlddisplay\worlddisplay\x64\debug\worlddisplay.tlog\link.write.1.tlog
c:\users\gyu86\onedrive\documents\projects\worlddisplay\solarsystemgenerator\worlddisplay\worlddisplay\x64\debug\worlddisplay.tlog\worlddisplay.write.1u.tlog
